#
# There is insufficient memory for the Java Runtime Environment to continue.
# Native memory allocation (mmap) failed to map 268435456 bytes for Failed to commit area from 0x0000000701800000 to 0x0000000711800000 of length 268435456.
# Possible reasons:
#   The system is out of physical RAM or swap space
#   The process is running with CompressedOops enabled, and the Java Heap may be blocking the growth of the native heap
# Possible solutions:
#   Reduce memory load on the system
#   Increase physical memory or swap space
#   Check if swap backing store is full
#   Decrease Java heap size (-Xmx/-Xms)
#   Decrease number of Java threads
#   Decrease Java thread stack sizes (-Xss)
#   Set larger code cache with -XX:ReservedCodeCacheSize=
# This output file may be truncated or incomplete.
#
#  Out of Memory Error (src/hotspot/os/windows/os_windows.cpp:3627), pid=10576, tid=11072
#
# JRE version:  (11.0.15) (build )
# Java VM: OpenJDK 64-Bit Server VM (11.0.15+0-b2043.56-9505619, mixed mode, sharing, tiered, compressed oops, g1 gc, windows-amd64)
# No core dump will be written. Minidumps are not enabled by default on client versions of Windows
#

---------------  S U M M A R Y ------------

Command Line: org.jetbrains.kotlin.cli.jvm.K2JVMCompiler @D:\Android\Android Project\Kotlin\KT_MVC_Pattern\app\build\20230414_11541194690833452515.compiler.options

Host: Intel(R) Core(TM) i7-3740QM CPU @ 2.70GHz, 8 cores, 15G,  Windows 10 , 64 bit Build 19041 (10.0.19041.2364)
Time: Fri Apr 14 23:54:44 2023 SE Asia Standard Time elapsed time: 0.010599 seconds (0d 0h 0m 0s)

---------------  T H R E A D  ---------------

Current thread (0x000001ef75a0e800):  JavaThread "Unknown thread" [_thread_in_vm, id=11072, stack(0x0000004785300000,0x0000004785400000)]

Stack: [0x0000004785300000,0x0000004785400000]
Native frames: (J=compiled Java code, j=interpreted, Vv=VM code, C=native code)
V  [jvm.dll+0x64135a]
V  [jvm.dll+0x7d39f9]
V  [jvm.dll+0x7d51b9]
V  [jvm.dll+0x7d58a3]
V  [jvm.dll+0x2691c5]
V  [jvm.dll+0x63e4e9]
V  [jvm.dll+0x632985]
V  [jvm.dll+0x3231ac]
V  [jvm.dll+0x323032]
V  [jvm.dll+0x327c06]
V  [jvm.dll+0x36ffa2]
V  [jvm.dll+0x36fa01]
V  [jvm.dll+0x2fea28]
V  [jvm.dll+0x2ffb25]
V  [jvm.dll+0x7accd7]
V  [jvm.dll+0x7ae49f]
V  [jvm.dll+0x37d299]
V  [jvm.dll+0x78ef9f]
V  [jvm.dll+0x3ec847]
V  [jvm.dll+0x3eed31]
C  [jli.dll+0x52cb]
C  [ucrtbase.dll+0x21bb2]
C  [KERNEL32.DLL+0x17614]
C  [ntdll.dll+0x526a1]


---------------  P R O C E S S  ---------------

Threads class SMR info:
_java_thread_list=0x000001ef7577a1c0, length=0, elements={
}

Java Threads: ( => current thread )

Other Threads:
  0x000001ef75a24000 GCTaskThread "GC Thread#0" [stack: 0x0000004785400000,0x0000004785500000] [id=20352]
  0x000001ef75a83800 ConcurrentGCThread "G1 Main Marker" [stack: 0x0000004785500000,0x0000004785600000] [id=15212]
  0x000001ef75a85000 ConcurrentGCThread "G1 Conc#0" [stack: 0x0000004785600000,0x0000004785700000] [id=5220]

[error occurred during error reporting (printing all threads), id 0xc0000005, EXCEPTION_ACCESS_VIOLATION (0xc0000005) at pc=0x00007ffa1291f3e7]

VM state:not at safepoint (not fully initialized)

VM Mutex/Monitor currently owned by a thread:  ([mutex/lock_event])
[0x000001ef75a0a8c0] Heap_lock - owner thread: 0x000001ef75a0e800

Heap address: 0x0000000701800000, size: 4072 MB, Compressed Oops mode: Non-zero based: 0x0000000701800000
Narrow klass base: 0x0000000000000000, Narrow klass shift: 0

GC Heap History (0 events):
No events

Deoptimization events (0 events):
No events

Classes redefined (0 events):
No events

Internal exceptions (0 events):
No events

Events (1 events):
Event: 0.006 Loaded shared library D:\Android\Android Studio\jbr\bin\zip.dll


Dynamic libraries:
0x00007ff6f8bd0000 - 0x00007ff6f8bda000 	D:\Android\Android Studio\jbr\bin\java.exe
0x00007ffa47ef0000 - 0x00007ffa480e8000 	C:\Windows\SYSTEM32\ntdll.dll
0x00007ffa46f30000 - 0x00007ffa46fef000 	C:\Windows\System32\KERNEL32.DLL
0x00007ffa45ba0000 - 0x00007ffa45e72000 	C:\Windows\System32\KERNELBASE.dll
0x00007ffa42d30000 - 0x00007ffa42dc1000 	C:\Windows\SYSTEM32\apphelp.dll
0x00007ffa45aa0000 - 0x00007ffa45ba0000 	C:\Windows\System32\ucrtbase.dll
0x00007ffa3e210000 - 0x00007ffa3e22b000 	D:\Android\Android Studio\jbr\bin\VCRUNTIME140.dll
0x00007ffa3e230000 - 0x00007ffa3e247000 	D:\Android\Android Studio\jbr\bin\jli.dll
0x00007ffa46640000 - 0x00007ffa467e1000 	C:\Windows\System32\USER32.dll
0x00007ffa45760000 - 0x00007ffa45782000 	C:\Windows\System32\win32u.dll
0x00007ffa30090000 - 0x00007ffa3032a000 	C:\Windows\WinSxS\amd64_microsoft.windows.common-controls_6595b64144ccf1df_6.0.19041.1110_none_60b5254171f9507e\COMCTL32.dll
0x00007ffa467f0000 - 0x00007ffa4681b000 	C:\Windows\System32\GDI32.dll
0x00007ffa46330000 - 0x00007ffa463ce000 	C:\Windows\System32\msvcrt.dll
0x00007ffa458f0000 - 0x00007ffa459ff000 	C:\Windows\System32\gdi32full.dll
0x00007ffa455e0000 - 0x00007ffa4567d000 	C:\Windows\System32\msvcp_win.dll
0x00007ffa469d0000 - 0x00007ffa46a02000 	C:\Windows\System32\IMM32.DLL
0x00007ffa3f290000 - 0x00007ffa3f29c000 	D:\Android\Android Studio\jbr\bin\vcruntime140_1.dll
0x00007ffa26700000 - 0x00007ffa2678d000 	D:\Android\Android Studio\jbr\bin\msvcp140.dll
0x00007ffa12610000 - 0x00007ffa131cc000 	D:\Android\Android Studio\jbr\bin\server\jvm.dll
0x00007ffa46e80000 - 0x00007ffa46f2e000 	C:\Windows\System32\ADVAPI32.dll
0x00007ffa46ff0000 - 0x00007ffa4708c000 	C:\Windows\System32\sechost.dll
0x00007ffa460e0000 - 0x00007ffa46205000 	C:\Windows\System32\RPCRT4.dll
0x00007ffa46580000 - 0x00007ffa46588000 	C:\Windows\System32\PSAPI.DLL
0x00007ffa35ac0000 - 0x00007ffa35ae7000 	C:\Windows\SYSTEM32\WINMM.dll
0x00007ffa34280000 - 0x00007ffa34289000 	C:\Windows\SYSTEM32\WSOCK32.dll
0x00007ffa36c50000 - 0x00007ffa36c5a000 	C:\Windows\SYSTEM32\VERSION.dll
0x00007ffa47e40000 - 0x00007ffa47eab000 	C:\Windows\System32\WS2_32.dll
0x00007ffa43e30000 - 0x00007ffa43e42000 	C:\Windows\SYSTEM32\kernel.appcore.dll
0x00007ffa407e0000 - 0x00007ffa407f0000 	D:\Android\Android Studio\jbr\bin\verify.dll
0x00007ffa32490000 - 0x00007ffa32674000 	C:\Windows\SYSTEM32\DBGHELP.DLL
0x00007ffa32360000 - 0x00007ffa32395000 	C:\Windows\SYSTEM32\dbgcore.DLL
0x00007ffa456d0000 - 0x00007ffa45752000 	C:\Windows\System32\bcryptPrimitives.dll
0x00007ffa40670000 - 0x00007ffa40698000 	D:\Android\Android Studio\jbr\bin\java.dll
0x00007ffa40660000 - 0x00007ffa4066a000 	D:\Android\Android Studio\jbr\bin\jimage.dll
0x00007ffa40540000 - 0x00007ffa40558000 	D:\Android\Android Studio\jbr\bin\zip.dll

dbghelp: loaded successfully - version: 4.0.5 - missing functions: none
symbol engine: initialized successfully - sym options: 0x614 - pdb path: .;D:\Android\Android Studio\jbr\bin;C:\Windows\SYSTEM32;C:\Windows\WinSxS\amd64_microsoft.windows.common-controls_6595b64144ccf1df_6.0.19041.1110_none_60b5254171f9507e;D:\Android\Android Studio\jbr\bin\server

VM Arguments:
java_command: org.jetbrains.kotlin.cli.jvm.K2JVMCompiler @D:\Android\Android Project\Kotlin\KT_MVC_Pattern\app\build\20230414_11541194690833452515.compiler.options
java_class_path (initial): C:\Users\Nghia\.gradle\caches\modules-2\files-2.1\org.jetbrains.kotlin\kotlin-compiler-embeddable\1.8.0\eb9118d4bcceaa2a94b2ae2a33a4ddba7c9a947f\kotlin-compiler-embeddable-1.8.0.jar;C:\Users\Nghia\.gradle\caches\modules-2\files-2.1\org.jetbrains.kotlin\kotlin-stdlib\1.8.0\1796921c7a3e2e2665a83e6c8d33399336cd39bc\kotlin-stdlib-1.8.0.jar;C:\Users\Nghia\.gradle\caches\modules-2\files-2.1\org.jetbrains.kotlin\kotlin-script-runtime\1.8.0\b2f7e760d283cb339974851c222a4c1d48f2d3d\kotlin-script-runtime-1.8.0.jar;C:\Users\Nghia\.gradle\caches\modules-2\files-2.1\org.jetbrains.kotlin\kotlin-reflect\1.6.10\1cbe9c92c12a94eea200d23c2bbaedaf3daf5132\kotlin-reflect-1.6.10.jar;C:\Users\Nghia\.gradle\caches\modules-2\files-2.1\org.jetbrains.kotlin\kotlin-daemon-embeddable\1.8.0\d255216c551685dc3a7e852b53617f5f01aaaa5c\kotlin-daemon-embeddable-1.8.0.jar;C:\Users\Nghia\.gradle\caches\modules-2\files-2.1\org.jetbrains.intellij.deps\trove4j\1.0.20200330\3afb14d5f9ceb459d724e907a21145e8ff394f02\trove4j-1.0.20200330.jar;C:\Users\Nghia\.gradle\caches\modules-2\files-2.1\net.java.dev.jna\jna\5.6.0\330f2244e9030119ab3030fc3fededc86713d9cc\jna-5.6.0.jar;C:\Users\Nghia\.gradle\caches\modules-2\files-2.1\org.jetbrains.kotlin\kotlin-stdlib-common\1.8.0\f7197e7cc76453ac59f8b0f8d5137cc600becd36\kotlin-stdlib-common-1.8.0.jar;C:\Users\Nghia\.gradle\caches\modules-2\files-2.1\org.jetbrains\annotations\13.0\919f0dfe192fb4e063e7dacadee7f8bb9a2672a9\annotations-13.0.jar
Launcher Type: SUN_STANDARD

[Global flags]
     intx CICompilerCount                          = 4                                         {product} {ergonomic}
     uint ConcGCThreads                            = 2                                         {product} {ergonomic}
     uint G1ConcRefinementThreads                  = 8                                         {product} {ergonomic}
   size_t G1HeapRegionSize                         = 1048576                                   {product} {ergonomic}
    uintx GCDrainStackTargetSize                   = 64                                        {product} {ergonomic}
   size_t InitialHeapSize                          = 268435456                                 {product} {ergonomic}
   size_t MarkStackSize                            = 4194304                                   {product} {ergonomic}
   size_t MaxHeapSize                              = 4269801472                                {product} {ergonomic}
   size_t MinHeapDeltaBytes                        = 1048576                                   {product} {ergonomic}
    uintx NonNMethodCodeHeapSize                   = 5836300                                {pd product} {ergonomic}
    uintx NonProfiledCodeHeapSize                  = 122910970                              {pd product} {ergonomic}
    uintx ProfiledCodeHeapSize                     = 122910970                              {pd product} {ergonomic}
    uintx ReservedCodeCacheSize                    = 251658240                              {pd product} {ergonomic}
     bool SegmentedCodeCache                       = true                                      {product} {ergonomic}
     bool UseCompressedClassPointers               = true                                 {lp64_product} {ergonomic}
     bool UseCompressedOops                        = true                                 {lp64_product} {ergonomic}
     bool UseG1GC                                  = true                                      {product} {ergonomic}
     bool UseLargePagesIndividualAllocation        = false                                  {pd product} {ergonomic}

Logging:
Log output configuration:
 #0: stdout all=warning uptime,level,tags
 #1: stderr all=off uptime,level,tags

Environment Variables:
JAVA_HOME=D:\jdk19
PATH=C:\Program Files (x86)\Intel\iCLS Client\;C:\Program Files\Intel\iCLS Client\;C:\Program Files\Common Files\Oracle\Java\javapath;C:\Windows\system32;C:\Windows;C:\Windows\System32\Wbem;C:\Windows\System32\WindowsPowerShell\v1.0\;C:\Windows\System32\OpenSSH\;d:\sqlseverx86\100\Tools\Binn\;d:\sqlsever\100\Tools\Binn\;d:\sqlsever\100\DTS\Binn\;d:\sqlseverx86\100\Tools\Binn\VSShell\Common7\IDE\;d:\sqlseverx86\100\DTS\Binn\;D:\pascal\bin\i386-Win32;C:\Program Files (x86)\Intel\Intel(R) Management Engine Components\DAL;C:\Program Files\Intel\Intel(R) Management Engine Components\DAL;C:\Program Files (x86)\Intel\Intel(R) Management Engine Components\IPT;C:\Program Files\Intel\Intel(R) Management Engine Components\IPT;C:\Program Files\dotnet\;D:\LuaforWindowns\5.1;D:\LuaforWindowns\5.1\clibs;D:\XAMPP\php;C:\ProgramData\ComposerSetup\bin;C:\Program Files\nodejs\;C:\Program Files (x86)\Common Files\Apple\Apple Application Support;C:\Program Files (x86)\Common Files\Apple\Mobile Device Support;C:\Program Files\Common Files\Apple\Apple Application Support;C:\Program Files\Common Files\Apple\Mobile Device Support;D:\Maven\apache-maven-3.8.6\bin;D:\jdk19\bin;D:\Git\cmd;D:\Android\SDK\platform-tools;D:\Android\SDK\platforms;C:\Users\Nghia\AppData\Roaming\npm;D:\Android\Android Studio\plugins\Kotlin\kotlinc\bin;C:\Users\Nghia\AppData\Local\Microsoft\WindowsApps;C:\Users\Nghia\AppData\Local\GitHubDesktop\bin
USERNAME=Nghia
OS=Windows_NT
PROCESSOR_IDENTIFIER=Intel64 Family 6 Model 58 Stepping 9, GenuineIntel



---------------  S Y S T E M  ---------------

OS: Windows 10 , 64 bit Build 19041 (10.0.19041.2364)
OS uptime: 0 days 12:15 hours

CPU:total 8 (initial active 8) (4 cores per cpu, 2 threads per core) family 6 model 58 stepping 9 microcode 0x21, cmov, cx8, fxsr, mmx, sse, sse2, sse3, ssse3, sse4.1, sse4.2, popcnt, avx, aes, clmul, erms, ht, tsc, tscinvbit, tscinv

Memory: 4k page, system-wide physical 16287M (2335M free)
TotalPageFile size 18335M (AvailPageFile size 199M)
current process WorkingSet (physical memory assigned to process): 10M, peak: 10M
current process commit charge ("private bytes"): 60M, peak: 316M

vm_info: OpenJDK 64-Bit Server VM (11.0.15+0-b2043.56-9505619) for windows-amd64 JRE (11.0.15+0-b2043.56-9505619), built on Jan 19 2023 02:48:00 by "builduser" with unknown MS VC++:1929

END.
